<?xml version="1.0" encoding="UTF-8"?>
<!-- Generated by org.testng.reporters.JUnitReportReporter -->
<testsuite hostname="DESKTOP-G2BVK46" failures="0" tests="1" name="com.flipkart_v001.testCase.TC_productbuyTest_001" time="12.053" errors="0" timestamp="2023-02-28T15:28:10 IST" skipped="0">
  <testcase classname="com.flipkart_v001.testCase.TC_productbuyTest_001" name="productBuyTest" time="12.053"/>
  <system-out/>
</testsuite> <!-- com.flipkart_v001.testCase.TC_productbuyTest_001 -->
